This is pdfTeX, Version 3.14159265-2.6-1.40.21 (TeX Live 2020) (preloaded format=pdflatex 2020.10.16)  22 OCT 2020 15:54
entering extended mode
 restricted \write18 enabled.
 %&-line parsing enabled.
**parameterEstimationInferenceLinearModels.tex
(./parameterEstimationInferenceLinearModels.tex
LaTeX2e <2020-10-01> patch level 1
L3 programming layer <2020-10-05> xparse <2020-03-03> (/Users/lclement/Library/
TinyTeX/texmf-dist/tex/latex/beamer/beamer.cls
Document Class: beamer 2020/07/22 v3.59 A class for typesetting presentations

(/Users/lclement/Library/TinyTeX/texmf-dist/tex/latex/beamer/beamerbasemodes.st
y (/Users/lclement/Library/TinyTeX/texmf-dist/tex/latex/etoolbox/etoolbox.sty
Package: etoolbox 2020/10/05 v2.5k e-TeX tools for LaTeX (JAW)
\etb@tempcnta=\count175
)
\beamer@tempbox=\box47
\beamer@tempcount=\count176
\c@beamerpauses=\count177

(/Users/lclement/Library/TinyTeX/texmf-dist/tex/latex/beamer/beamerbasedecode.s
ty
\beamer@slideinframe=\count178
\beamer@minimum=\count179
\beamer@decode@box=\box48
)
\beamer@commentbox=\box49
\beamer@modecount=\count180
) (/Users/lclement/Library/TinyTeX/texmf-dist/tex/generic/iftex/ifpdf.sty
Package: ifpdf 2019/10/25 v3.4 ifpdf legacy package. Use iftex instead.
(/Users/lclement/Library/TinyTeX/texmf-dist/tex/generic/iftex/iftex.sty
Package: iftex 2020/03/06 v1.0d TeX engine tests
))
\headdp=\dimen138
\footheight=\dimen139
\sidebarheight=\dimen140
\beamer@tempdim=\dimen141
\beamer@finalheight=\dimen142
\beamer@animht=\dimen143
\beamer@animdp=\dimen144
\beamer@animwd=\dimen145
\beamer@leftmargin=\dimen146
\beamer@rightmargin=\dimen147
\beamer@leftsidebar=\dimen148
\beamer@rightsidebar=\dimen149
\beamer@boxsize=\dimen150
\beamer@vboxoffset=\dimen151
\beamer@descdefault=\dimen152
\beamer@descriptionwidth=\dimen153
\beamer@lastskip=\skip47
\beamer@areabox=\box50
\beamer@animcurrent=\box51
\beamer@animshowbox=\box52
\beamer@sectionbox=\box53
\beamer@logobox=\box54
\beamer@linebox=\box55
\beamer@sectioncount=\count181
\beamer@subsubsectionmax=\count182
\beamer@subsectionmax=\count183
\beamer@sectionmax=\count184
\beamer@totalheads=\count185
\beamer@headcounter=\count186
\beamer@partstartpage=\count187
\beamer@sectionstartpage=\count188
\beamer@subsectionstartpage=\count189
\beamer@animationtempa=\count190
\beamer@animationtempb=\count191
\beamer@xpos=\count192
\beamer@ypos=\count193
\beamer@ypos@offset=\count194
\beamer@showpartnumber=\count195
\beamer@currentsubsection=\count196
\beamer@coveringdepth=\count197
\beamer@sectionadjust=\count198
\beamer@tocsectionnumber=\count199

(/Users/lclement/Library/TinyTeX/texmf-dist/tex/latex/beamer/beamerbaseoptions.
sty (/Users/lclement/Library/TinyTeX/texmf-dist/tex/latex/graphics/keyval.sty
Package: keyval 2014/10/28 v1.15 key=value parser (DPC)
\KV@toks@=\toks15
))
\beamer@paperwidth=\skip48
\beamer@paperheight=\skip49
(/Users/lclement/Library/TinyTeX/texmf-dist/tex/latex/geometry/geometry.sty
Package: geometry 2020/01/02 v5.9 Page Geometry
(/Users/lclement/Library/TinyTeX/texmf-dist/tex/generic/iftex/ifvtex.sty
Package: ifvtex 2019/10/25 v1.7 ifvtex legacy package. Use iftex instead.
)
\Gm@cnth=\count266
\Gm@cntv=\count267
\c@Gm@tempcnt=\count268
\Gm@bindingoffset=\dimen154
\Gm@wd@mp=\dimen155
\Gm@odd@mp=\dimen156
\Gm@even@mp=\dimen157
\Gm@layoutwidth=\dimen158
\Gm@layoutheight=\dimen159
\Gm@layouthoffset=\dimen160
\Gm@layoutvoffset=\dimen161
\Gm@dimlist=\toks16
) (/Users/lclement/Library/TinyTeX/texmf-dist/tex/latex/base/size10.clo
File: size10.clo 2020/04/10 v1.4m Standard LaTeX file (size option)
)
(/Users/lclement/Library/TinyTeX/texmf-dist/tex/latex/pgf/basiclayer/pgfcore.st
y (/Users/lclement/Library/TinyTeX/texmf-dist/tex/latex/graphics/graphicx.sty
Package: graphicx 2020/09/09 v1.2b Enhanced LaTeX Graphics (DPC,SPQR)
(/Users/lclement/Library/TinyTeX/texmf-dist/tex/latex/graphics/graphics.sty
Package: graphics 2020/08/30 v1.4c Standard LaTeX Graphics (DPC,SPQR)
(/Users/lclement/Library/TinyTeX/texmf-dist/tex/latex/graphics/trig.sty
Package: trig 2016/01/03 v1.10 sin cos tan (DPC)
)
(/Users/lclement/Library/TinyTeX/texmf-dist/tex/latex/graphics-cfg/graphics.cfg
File: graphics.cfg 2016/06/04 v1.11 sample graphics configuration
)
Package graphics Info: Driver file: pdftex.def on input line 105.
(/Users/lclement/Library/TinyTeX/texmf-dist/tex/latex/graphics-def/pdftex.def
File: pdftex.def 2020/10/05 v1.2a Graphics/color driver for pdftex
))
\Gin@req@height=\dimen162
\Gin@req@width=\dimen163
)
(/Users/lclement/Library/TinyTeX/texmf-dist/tex/latex/pgf/systemlayer/pgfsys.st
y (/Users/lclement/Library/TinyTeX/texmf-dist/tex/latex/pgf/utilities/pgfrcs.st
y
(/Users/lclement/Library/TinyTeX/texmf-dist/tex/generic/pgf/utilities/pgfutil-c
ommon.tex
\pgfutil@everybye=\toks17
\pgfutil@tempdima=\dimen164
\pgfutil@tempdimb=\dimen165

(/Users/lclement/Library/TinyTeX/texmf-dist/tex/generic/pgf/utilities/pgfutil-c
ommon-lists.tex))
(/Users/lclement/Library/TinyTeX/texmf-dist/tex/generic/pgf/utilities/pgfutil-l
atex.def
\pgfutil@abb=\box56
)
(/Users/lclement/Library/TinyTeX/texmf-dist/tex/generic/pgf/utilities/pgfrcs.co
de.tex (/Users/lclement/Library/TinyTeX/texmf-dist/tex/generic/pgf/pgf.revision
.tex)
Package: pgfrcs 2020/10/01 v3.1.6a (3.1.6a)
))
(/Users/lclement/Library/TinyTeX/texmf-dist/tex/generic/pgf/systemlayer/pgfsys.
code.tex
Package: pgfsys 2020/10/01 v3.1.6a (3.1.6a)

(/Users/lclement/Library/TinyTeX/texmf-dist/tex/generic/pgf/utilities/pgfkeys.c
ode.tex
\pgfkeys@pathtoks=\toks18
\pgfkeys@temptoks=\toks19

(/Users/lclement/Library/TinyTeX/texmf-dist/tex/generic/pgf/utilities/pgfkeysfi
ltered.code.tex
\pgfkeys@tmptoks=\toks20
))
\pgf@x=\dimen166
\pgf@y=\dimen167
\pgf@xa=\dimen168
\pgf@ya=\dimen169
\pgf@xb=\dimen170
\pgf@yb=\dimen171
\pgf@xc=\dimen172
\pgf@yc=\dimen173
\pgf@xd=\dimen174
\pgf@yd=\dimen175
\w@pgf@writea=\write3
\r@pgf@reada=\read2
\c@pgf@counta=\count269
\c@pgf@countb=\count270
\c@pgf@countc=\count271
\c@pgf@countd=\count272
\t@pgf@toka=\toks21
\t@pgf@tokb=\toks22
\t@pgf@tokc=\toks23
\pgf@sys@id@count=\count273

(/Users/lclement/Library/TinyTeX/texmf-dist/tex/generic/pgf/systemlayer/pgf.cfg
File: pgf.cfg 2020/10/01 v3.1.6a (3.1.6a)
)
Driver file for pgf: pgfsys-pdftex.def

(/Users/lclement/Library/TinyTeX/texmf-dist/tex/generic/pgf/systemlayer/pgfsys-
pdftex.def
File: pgfsys-pdftex.def 2020/10/01 v3.1.6a (3.1.6a)

(/Users/lclement/Library/TinyTeX/texmf-dist/tex/generic/pgf/systemlayer/pgfsys-
common-pdf.def
File: pgfsys-common-pdf.def 2020/10/01 v3.1.6a (3.1.6a)
)))
(/Users/lclement/Library/TinyTeX/texmf-dist/tex/generic/pgf/systemlayer/pgfsyss
oftpath.code.tex
File: pgfsyssoftpath.code.tex 2020/10/01 v3.1.6a (3.1.6a)
\pgfsyssoftpath@smallbuffer@items=\count274
\pgfsyssoftpath@bigbuffer@items=\count275
)
(/Users/lclement/Library/TinyTeX/texmf-dist/tex/generic/pgf/systemlayer/pgfsysp
rotocol.code.tex
File: pgfsysprotocol.code.tex 2020/10/01 v3.1.6a (3.1.6a)
)) (/Users/lclement/Library/TinyTeX/texmf-dist/tex/latex/xcolor/xcolor.sty
Package: xcolor 2016/05/11 v2.12 LaTeX color extensions (UK)
(/Users/lclement/Library/TinyTeX/texmf-dist/tex/latex/graphics-cfg/color.cfg
File: color.cfg 2016/01/02 v1.6 sample color configuration
)
Package xcolor Info: Driver file: pdftex.def on input line 225.
Package xcolor Info: Model `cmy' substituted by `cmy0' on input line 1348.
Package xcolor Info: Model `hsb' substituted by `rgb' on input line 1352.
Package xcolor Info: Model `RGB' extended on input line 1364.
Package xcolor Info: Model `HTML' substituted by `rgb' on input line 1366.
Package xcolor Info: Model `Hsb' substituted by `hsb' on input line 1367.
Package xcolor Info: Model `tHsb' substituted by `hsb' on input line 1368.
Package xcolor Info: Model `HSB' substituted by `hsb' on input line 1369.
Package xcolor Info: Model `Gray' substituted by `gray' on input line 1370.
Package xcolor Info: Model `wave' substituted by `hsb' on input line 1371.
)
(/Users/lclement/Library/TinyTeX/texmf-dist/tex/generic/pgf/basiclayer/pgfcore.
code.tex
Package: pgfcore 2020/10/01 v3.1.6a (3.1.6a)

(/Users/lclement/Library/TinyTeX/texmf-dist/tex/generic/pgf/math/pgfmath.code.t
ex
(/Users/lclement/Library/TinyTeX/texmf-dist/tex/generic/pgf/math/pgfmathcalc.co
de.tex
(/Users/lclement/Library/TinyTeX/texmf-dist/tex/generic/pgf/math/pgfmathutil.co
de.tex)
(/Users/lclement/Library/TinyTeX/texmf-dist/tex/generic/pgf/math/pgfmathparser.
code.tex
\pgfmath@dimen=\dimen176
\pgfmath@count=\count276
\pgfmath@box=\box57
\pgfmath@toks=\toks24
\pgfmath@stack@operand=\toks25
\pgfmath@stack@operation=\toks26
)
(/Users/lclement/Library/TinyTeX/texmf-dist/tex/generic/pgf/math/pgfmathfunctio
ns.code.tex
(/Users/lclement/Library/TinyTeX/texmf-dist/tex/generic/pgf/math/pgfmathfunctio
ns.basic.code.tex)
(/Users/lclement/Library/TinyTeX/texmf-dist/tex/generic/pgf/math/pgfmathfunctio
ns.trigonometric.code.tex)
(/Users/lclement/Library/TinyTeX/texmf-dist/tex/generic/pgf/math/pgfmathfunctio
ns.random.code.tex)
(/Users/lclement/Library/TinyTeX/texmf-dist/tex/generic/pgf/math/pgfmathfunctio
ns.comparison.code.tex)
(/Users/lclement/Library/TinyTeX/texmf-dist/tex/generic/pgf/math/pgfmathfunctio
ns.base.code.tex)
(/Users/lclement/Library/TinyTeX/texmf-dist/tex/generic/pgf/math/pgfmathfunctio
ns.round.code.tex)
(/Users/lclement/Library/TinyTeX/texmf-dist/tex/generic/pgf/math/pgfmathfunctio
ns.misc.code.tex)
(/Users/lclement/Library/TinyTeX/texmf-dist/tex/generic/pgf/math/pgfmathfunctio
ns.integerarithmetics.code.tex)))
(/Users/lclement/Library/TinyTeX/texmf-dist/tex/generic/pgf/math/pgfmathfloat.c
ode.tex
\c@pgfmathroundto@lastzeros=\count277
))
(/Users/lclement/Library/TinyTeX/texmf-dist/tex/generic/pgf/math/pgfint.code.te
x)
(/Users/lclement/Library/TinyTeX/texmf-dist/tex/generic/pgf/basiclayer/pgfcorep
oints.code.tex
File: pgfcorepoints.code.tex 2020/10/01 v3.1.6a (3.1.6a)
\pgf@picminx=\dimen177
\pgf@picmaxx=\dimen178
\pgf@picminy=\dimen179
\pgf@picmaxy=\dimen180
\pgf@pathminx=\dimen181
\pgf@pathmaxx=\dimen182
\pgf@pathminy=\dimen183
\pgf@pathmaxy=\dimen184
\pgf@xx=\dimen185
\pgf@xy=\dimen186
\pgf@yx=\dimen187
\pgf@yy=\dimen188
\pgf@zx=\dimen189
\pgf@zy=\dimen190
)
(/Users/lclement/Library/TinyTeX/texmf-dist/tex/generic/pgf/basiclayer/pgfcorep
athconstruct.code.tex
File: pgfcorepathconstruct.code.tex 2020/10/01 v3.1.6a (3.1.6a)
\pgf@path@lastx=\dimen191
\pgf@path@lasty=\dimen192
)
(/Users/lclement/Library/TinyTeX/texmf-dist/tex/generic/pgf/basiclayer/pgfcorep
athusage.code.tex
File: pgfcorepathusage.code.tex 2020/10/01 v3.1.6a (3.1.6a)
\pgf@shorten@end@additional=\dimen193
\pgf@shorten@start@additional=\dimen194
)
(/Users/lclement/Library/TinyTeX/texmf-dist/tex/generic/pgf/basiclayer/pgfcores
copes.code.tex
File: pgfcorescopes.code.tex 2020/10/01 v3.1.6a (3.1.6a)
\pgfpic=\box58
\pgf@hbox=\box59
\pgf@layerbox@main=\box60
\pgf@picture@serial@count=\count278
)
(/Users/lclement/Library/TinyTeX/texmf-dist/tex/generic/pgf/basiclayer/pgfcoreg
raphicstate.code.tex
File: pgfcoregraphicstate.code.tex 2020/10/01 v3.1.6a (3.1.6a)
\pgflinewidth=\dimen195
)
(/Users/lclement/Library/TinyTeX/texmf-dist/tex/generic/pgf/basiclayer/pgfcoret
ransformations.code.tex
File: pgfcoretransformations.code.tex 2020/10/01 v3.1.6a (3.1.6a)
\pgf@pt@x=\dimen196
\pgf@pt@y=\dimen197
\pgf@pt@temp=\dimen198
)
(/Users/lclement/Library/TinyTeX/texmf-dist/tex/generic/pgf/basiclayer/pgfcoreq
uick.code.tex
File: pgfcorequick.code.tex 2020/10/01 v3.1.6a (3.1.6a)
)
(/Users/lclement/Library/TinyTeX/texmf-dist/tex/generic/pgf/basiclayer/pgfcoreo
bjects.code.tex
File: pgfcoreobjects.code.tex 2020/10/01 v3.1.6a (3.1.6a)
)
(/Users/lclement/Library/TinyTeX/texmf-dist/tex/generic/pgf/basiclayer/pgfcorep
athprocessing.code.tex
File: pgfcorepathprocessing.code.tex 2020/10/01 v3.1.6a (3.1.6a)
)
(/Users/lclement/Library/TinyTeX/texmf-dist/tex/generic/pgf/basiclayer/pgfcorea
rrows.code.tex
File: pgfcorearrows.code.tex 2020/10/01 v3.1.6a (3.1.6a)
\pgfarrowsep=\dimen199
)
(/Users/lclement/Library/TinyTeX/texmf-dist/tex/generic/pgf/basiclayer/pgfcores
hade.code.tex
File: pgfcoreshade.code.tex 2020/10/01 v3.1.6a (3.1.6a)
\pgf@max=\dimen256
\pgf@sys@shading@range@num=\count279
\pgf@shadingcount=\count280
)
(/Users/lclement/Library/TinyTeX/texmf-dist/tex/generic/pgf/basiclayer/pgfcorei
mage.code.tex
File: pgfcoreimage.code.tex 2020/10/01 v3.1.6a (3.1.6a)

(/Users/lclement/Library/TinyTeX/texmf-dist/tex/generic/pgf/basiclayer/pgfcoree
xternal.code.tex
File: pgfcoreexternal.code.tex 2020/10/01 v3.1.6a (3.1.6a)
\pgfexternal@startupbox=\box61
))
(/Users/lclement/Library/TinyTeX/texmf-dist/tex/generic/pgf/basiclayer/pgfcorel
ayers.code.tex
File: pgfcorelayers.code.tex 2020/10/01 v3.1.6a (3.1.6a)
)
(/Users/lclement/Library/TinyTeX/texmf-dist/tex/generic/pgf/basiclayer/pgfcoret
ransparency.code.tex
File: pgfcoretransparency.code.tex 2020/10/01 v3.1.6a (3.1.6a)
)
(/Users/lclement/Library/TinyTeX/texmf-dist/tex/generic/pgf/basiclayer/pgfcorep
atterns.code.tex
File: pgfcorepatterns.code.tex 2020/10/01 v3.1.6a (3.1.6a)
)
(/Users/lclement/Library/TinyTeX/texmf-dist/tex/generic/pgf/basiclayer/pgfcorer
df.code.tex
File: pgfcorerdf.code.tex 2020/10/01 v3.1.6a (3.1.6a)
)))
(/Users/lclement/Library/TinyTeX/texmf-dist/tex/latex/pgf/utilities/xxcolor.sty
Package: xxcolor 2003/10/24 ver 0.1
\XC@nummixins=\count281
\XC@countmixins=\count282
) (/Users/lclement/Library/TinyTeX/texmf-dist/tex/latex/base/atbegshi-ltx.sty
Package: atbegshi-ltx 2020/08/17 v1.0a Emulation of the original atbegshi packa
ge
with kernel methods
) (/Users/lclement/Library/TinyTeX/texmf-dist/tex/latex/hyperref/hyperref.sty
Package: hyperref 2020-05-15 v7.00e Hypertext links for LaTeX
(/Users/lclement/Library/TinyTeX/texmf-dist/tex/generic/ltxcmds/ltxcmds.sty
Package: ltxcmds 2020-05-10 v1.25 LaTeX kernel commands for general use (HO)
)
(/Users/lclement/Library/TinyTeX/texmf-dist/tex/generic/pdftexcmds/pdftexcmds.s
ty
Package: pdftexcmds 2020-06-27 v0.33 Utility functions of pdfTeX for LuaTeX (HO
)

(/Users/lclement/Library/TinyTeX/texmf-dist/tex/generic/infwarerr/infwarerr.sty
Package: infwarerr 2019/12/03 v1.5 Providing info/warning/error messages (HO)
)
Package pdftexcmds Info: \pdf@primitive is available.
Package pdftexcmds Info: \pdf@ifprimitive is available.
Package pdftexcmds Info: \pdfdraftmode found.
)
(/Users/lclement/Library/TinyTeX/texmf-dist/tex/generic/kvsetkeys/kvsetkeys.sty
Package: kvsetkeys 2019/12/15 v1.18 Key value parser (HO)
)
(/Users/lclement/Library/TinyTeX/texmf-dist/tex/generic/kvdefinekeys/kvdefineke
ys.sty
Package: kvdefinekeys 2019-12-19 v1.6 Define keys (HO)
)
(/Users/lclement/Library/TinyTeX/texmf-dist/tex/generic/pdfescape/pdfescape.sty
Package: pdfescape 2019/12/09 v1.15 Implements pdfTeX's escape features (HO)
) (/Users/lclement/Library/TinyTeX/texmf-dist/tex/latex/hycolor/hycolor.sty
Package: hycolor 2020-01-27 v1.10 Color options for hyperref/bookmark (HO)
)
(/Users/lclement/Library/TinyTeX/texmf-dist/tex/latex/letltxmacro/letltxmacro.s
ty
Package: letltxmacro 2019/12/03 v1.6 Let assignment for LaTeX macros (HO)
) (/Users/lclement/Library/TinyTeX/texmf-dist/tex/latex/auxhook/auxhook.sty
Package: auxhook 2019-12-17 v1.6 Hooks for auxiliary files (HO)
) (/Users/lclement/Library/TinyTeX/texmf-dist/tex/latex/kvoptions/kvoptions.sty
Package: kvoptions 2020-10-07 v3.14 Key value format for package options (HO)
)
\@linkdim=\dimen257
\Hy@linkcounter=\count283
\Hy@pagecounter=\count284
(/Users/lclement/Library/TinyTeX/texmf-dist/tex/latex/hyperref/pd1enc.def
File: pd1enc.def 2020-05-15 v7.00e Hyperref: PDFDocEncoding definition (HO)
Now handling font encoding PD1 ...
... no UTF-8 mapping file for font encoding PD1
) (/Users/lclement/Library/TinyTeX/texmf-dist/tex/generic/intcalc/intcalc.sty
Package: intcalc 2019/12/15 v1.3 Expandable calculations with integers (HO)
) (/Users/lclement/Library/TinyTeX/texmf-dist/tex/generic/etexcmds/etexcmds.sty
Package: etexcmds 2019/12/15 v1.7 Avoid name clashes with e-TeX commands (HO)
)
\Hy@SavedSpaceFactor=\count285
Package hyperref Info: Option `unicode' set `true' on input line 4338.
(/Users/lclement/Library/TinyTeX/texmf-dist/tex/latex/hyperref/puenc.def
File: puenc.def 2020-05-15 v7.00e Hyperref: PDF Unicode definition (HO)
Now handling font encoding PU ...
... no UTF-8 mapping file for font encoding PU
)
Package hyperref Info: Option `bookmarks' set `true' on input line 4338.
Package hyperref Info: Option `bookmarksopen' set `true' on input line 4338.
Package hyperref Info: Option `implicit' set `false' on input line 4338.
Package hyperref Info: Hyper figures OFF on input line 4464.
Package hyperref Info: Link nesting OFF on input line 4469.
Package hyperref Info: Hyper index ON on input line 4472.
Package hyperref Info: Plain pages OFF on input line 4479.
Package hyperref Info: Backreferencing OFF on input line 4484.
Package hyperref Info: Implicit mode OFF; no redefinition of LaTeX internals.
Package hyperref Info: Bookmarks ON on input line 4717.
\c@Hy@tempcnt=\count286
(/Users/lclement/Library/TinyTeX/texmf-dist/tex/latex/url/url.sty
\Urlmuskip=\muskip16
Package: url 2013/09/16  ver 3.4  Verb mode for urls, etc.
)
LaTeX Info: Redefining \url on input line 5076.
\XeTeXLinkMargin=\dimen258
(/Users/lclement/Library/TinyTeX/texmf-dist/tex/generic/bitset/bitset.sty
Package: bitset 2019/12/09 v1.3 Handle bit-vector datatype (HO)

(/Users/lclement/Library/TinyTeX/texmf-dist/tex/generic/bigintcalc/bigintcalc.s
ty
Package: bigintcalc 2019/12/15 v1.5 Expandable calculations on big integers (HO
)
))
\Fld@menulength=\count287
\Field@Width=\dimen259
\Fld@charsize=\dimen260
Package hyperref Info: Hyper figures OFF on input line 6347.
Package hyperref Info: Link nesting OFF on input line 6352.
Package hyperref Info: Hyper index ON on input line 6355.
Package hyperref Info: backreferencing OFF on input line 6362.
Package hyperref Info: Link coloring OFF on input line 6367.
Package hyperref Info: Link coloring with OCG OFF on input line 6372.
Package hyperref Info: PDF/A mode OFF on input line 6377.
LaTeX Info: Redefining \ref on input line 6417.
LaTeX Info: Redefining \pageref on input line 6421.
\Hy@abspage=\count288

Package hyperref Message: Stopped early.

)
Package hyperref Info: Driver (autodetected): hpdftex.
(/Users/lclement/Library/TinyTeX/texmf-dist/tex/latex/hyperref/hpdftex.def
File: hpdftex.def 2020-05-15 v7.00e Hyperref driver for pdfTeX
(/Users/lclement/Library/TinyTeX/texmf-dist/tex/latex/base/atveryend-ltx.sty
Package: atveryend-ltx 2020/08/19 v1.0a Emulation of the original atvery packag
e
with kernel methods
)
\Fld@listcount=\count289
\c@bookmark@seq@number=\count290

(/Users/lclement/Library/TinyTeX/texmf-dist/tex/latex/rerunfilecheck/rerunfilec
heck.sty
Package: rerunfilecheck 2019/12/05 v1.9 Rerun checks for auxiliary files (HO)

(/Users/lclement/Library/TinyTeX/texmf-dist/tex/generic/uniquecounter/uniquecou
nter.sty
Package: uniquecounter 2019/12/15 v1.4 Provide unlimited unique counter (HO)
)
Package uniquecounter Info: New unique counter `rerunfilecheck' on input line 2
86.
))
(/Users/lclement/Library/TinyTeX/texmf-dist/tex/latex/beamer/beamerbaserequires
.sty
(/Users/lclement/Library/TinyTeX/texmf-dist/tex/latex/beamer/beamerbasecompatib
ility.sty)
(/Users/lclement/Library/TinyTeX/texmf-dist/tex/latex/beamer/beamerbasefont.sty
(/Users/lclement/Library/TinyTeX/texmf-dist/tex/latex/amsfonts/amssymb.sty
Package: amssymb 2013/01/14 v3.01 AMS font symbols
(/Users/lclement/Library/TinyTeX/texmf-dist/tex/latex/amsfonts/amsfonts.sty
Package: amsfonts 2013/01/14 v3.01 Basic AMSFonts support
\@emptytoks=\toks27
\symAMSa=\mathgroup4
\symAMSb=\mathgroup5
LaTeX Font Info:    Redeclaring math symbol \hbar on input line 98.
LaTeX Font Info:    Overwriting math alphabet `\mathfrak' in version `bold'
(Font)                  U/euf/m/n --> U/euf/b/n on input line 106.
)))
(/Users/lclement/Library/TinyTeX/texmf-dist/tex/latex/beamer/beamerbasetranslat
or.sty
(/Users/lclement/Library/TinyTeX/texmf-dist/tex/latex/translator/translator.sty
Package: translator 2020-08-03 v1.12c Easy translation of strings in LaTeX
))
(/Users/lclement/Library/TinyTeX/texmf-dist/tex/latex/beamer/beamerbasemisc.sty
)
(/Users/lclement/Library/TinyTeX/texmf-dist/tex/latex/beamer/beamerbasetwoscree
ns.sty)
(/Users/lclement/Library/TinyTeX/texmf-dist/tex/latex/beamer/beamerbaseoverlay.
sty
\beamer@argscount=\count291
\beamer@lastskipcover=\skip50
\beamer@trivlistdepth=\count292
)
(/Users/lclement/Library/TinyTeX/texmf-dist/tex/latex/beamer/beamerbasetitle.st
y)
(/Users/lclement/Library/TinyTeX/texmf-dist/tex/latex/beamer/beamerbasesection.
sty
\c@lecture=\count293
\c@part=\count294
\c@section=\count295
\c@subsection=\count296
\c@subsubsection=\count297
)
(/Users/lclement/Library/TinyTeX/texmf-dist/tex/latex/beamer/beamerbaseframe.st
y
\beamer@framebox=\box62
\beamer@frametitlebox=\box63
\beamer@zoombox=\box64
\beamer@zoomcount=\count298
\beamer@zoomframecount=\count299
\beamer@frametextheight=\dimen261
\c@subsectionslide=\count300
\beamer@frametopskip=\skip51
\beamer@framebottomskip=\skip52
\beamer@frametopskipautobreak=\skip53
\beamer@framebottomskipautobreak=\skip54
\beamer@envbody=\toks28
\framewidth=\dimen262
\c@framenumber=\count301
)
(/Users/lclement/Library/TinyTeX/texmf-dist/tex/latex/beamer/beamerbaseverbatim
.sty
\beamer@verbatimfileout=\write4
)
(/Users/lclement/Library/TinyTeX/texmf-dist/tex/latex/beamer/beamerbaseframesiz
e.sty
\beamer@splitbox=\box65
\beamer@autobreakcount=\count302
\beamer@autobreaklastheight=\dimen263
\beamer@frametitletoks=\toks29
\beamer@framesubtitletoks=\toks30
)
(/Users/lclement/Library/TinyTeX/texmf-dist/tex/latex/beamer/beamerbaseframecom
ponents.sty
\beamer@footins=\box66
)
(/Users/lclement/Library/TinyTeX/texmf-dist/tex/latex/beamer/beamerbasecolor.st
y)
(/Users/lclement/Library/TinyTeX/texmf-dist/tex/latex/beamer/beamerbasenotes.st
y
\beamer@frameboxcopy=\box67
) (/Users/lclement/Library/TinyTeX/texmf-dist/tex/latex/beamer/beamerbasetoc.st
y)
(/Users/lclement/Library/TinyTeX/texmf-dist/tex/latex/beamer/beamerbasetemplate
s.sty
\beamer@sbttoks=\toks31

(/Users/lclement/Library/TinyTeX/texmf-dist/tex/latex/beamer/beamerbaseauxtempl
ates.sty
(/Users/lclement/Library/TinyTeX/texmf-dist/tex/latex/beamer/beamerbaseboxes.st
y
\bmb@box=\box68
\bmb@colorbox=\box69
\bmb@boxshadow=\box70
\bmb@boxshadowball=\box71
\bmb@boxshadowballlarge=\box72
\bmb@temp=\dimen264
\bmb@dima=\dimen265
\bmb@dimb=\dimen266
\bmb@prevheight=\dimen267
)
\beamer@blockheadheight=\dimen268
))
(/Users/lclement/Library/TinyTeX/texmf-dist/tex/latex/beamer/beamerbaselocalstr
ucture.sty (/Users/lclement/Library/TinyTeX/texmf-dist/tex/latex/tools/enumerat
e.sty
Package: enumerate 2015/07/23 v3.00 enumerate extensions (DPC)
\@enLab=\toks32
)
\c@figure=\count303
\c@table=\count304
\abovecaptionskip=\skip55
\belowcaptionskip=\skip56
)
(/Users/lclement/Library/TinyTeX/texmf-dist/tex/latex/beamer/beamerbasenavigati
on.sty
\beamer@section@min@dim=\dimen269
)
(/Users/lclement/Library/TinyTeX/texmf-dist/tex/latex/beamer/beamerbasetheorems
.sty (/Users/lclement/Library/TinyTeX/texmf-dist/tex/latex/amsmath/amsmath.sty
Package: amsmath 2020/09/23 v2.17i AMS math features
\@mathmargin=\skip57
For additional information on amsmath, use the `?' option.
(/Users/lclement/Library/TinyTeX/texmf-dist/tex/latex/amsmath/amstext.sty
Package: amstext 2000/06/29 v2.01 AMS text
(/Users/lclement/Library/TinyTeX/texmf-dist/tex/latex/amsmath/amsgen.sty
File: amsgen.sty 1999/11/30 v2.0 generic functions
\@emptytoks=\toks33
\ex@=\dimen270
)) (/Users/lclement/Library/TinyTeX/texmf-dist/tex/latex/amsmath/amsbsy.sty
Package: amsbsy 1999/11/29 v1.2d Bold Symbols
\pmbraise@=\dimen271
) (/Users/lclement/Library/TinyTeX/texmf-dist/tex/latex/amsmath/amsopn.sty
Package: amsopn 2016/03/08 v2.02 operator names
)
\inf@bad=\count305
LaTeX Info: Redefining \frac on input line 234.
\uproot@=\count306
\leftroot@=\count307
LaTeX Info: Redefining \overline on input line 399.
\classnum@=\count308
\DOTSCASE@=\count309
LaTeX Info: Redefining \ldots on input line 496.
LaTeX Info: Redefining \dots on input line 499.
LaTeX Info: Redefining \cdots on input line 620.
\Mathstrutbox@=\box73
\strutbox@=\box74
\big@size=\dimen272
LaTeX Font Info:    Redeclaring font encoding OML on input line 743.
LaTeX Font Info:    Redeclaring font encoding OMS on input line 744.
\macc@depth=\count310
\c@MaxMatrixCols=\count311
\dotsspace@=\muskip17
\c@parentequation=\count312
\dspbrk@lvl=\count313
\tag@help=\toks34
\row@=\count314
\column@=\count315
\maxfields@=\count316
\andhelp@=\toks35
\eqnshift@=\dimen273
\alignsep@=\dimen274
\tagshift@=\dimen275
\tagwidth@=\dimen276
\totwidth@=\dimen277
\lineht@=\dimen278
\@envbody=\toks36
\multlinegap=\skip58
\multlinetaggap=\skip59
\mathdisplay@stack=\toks37
LaTeX Info: Redefining \[ on input line 2923.
LaTeX Info: Redefining \] on input line 2924.
) (/Users/lclement/Library/TinyTeX/texmf-dist/tex/latex/amscls/amsthm.sty
Package: amsthm 2020/05/29 v2.20.6
\thm@style=\toks38
\thm@bodyfont=\toks39
\thm@headfont=\toks40
\thm@notefont=\toks41
\thm@headpunct=\toks42
\thm@preskip=\skip60
\thm@postskip=\skip61
\thm@headsep=\skip62
\dth@everypar=\toks43
)
\c@theorem=\count317
)
(/Users/lclement/Library/TinyTeX/texmf-dist/tex/latex/beamer/beamerbasethemes.s
ty))
(/Users/lclement/Library/TinyTeX/texmf-dist/tex/latex/beamer/beamerthemedefault
.sty
(/Users/lclement/Library/TinyTeX/texmf-dist/tex/latex/beamer/beamerfontthemedef
ault.sty)
(/Users/lclement/Library/TinyTeX/texmf-dist/tex/latex/beamer/beamercolorthemede
fault.sty)
(/Users/lclement/Library/TinyTeX/texmf-dist/tex/latex/beamer/beamerinnerthemede
fault.sty
\beamer@dima=\dimen279
\beamer@dimb=\dimen280
)
(/Users/lclement/Library/TinyTeX/texmf-dist/tex/latex/beamer/beamerouterthemede
fault.sty)))
(/Users/lclement/Library/TinyTeX/texmf-dist/tex/latex/pgf/utilities/pgfpages.st
y
Package: pgfpages 2011/01/05 ver 0.02
(/Users/lclement/Library/TinyTeX/texmf-dist/tex/latex/tools/calc.sty
Package: calc 2017/05/25 v4.3 Infix arithmetic (KKT,FJ)
\calc@Acount=\count318
\calc@Bcount=\count319
\calc@Adimen=\dimen281
\calc@Bdimen=\dimen282
\calc@Askip=\skip63
\calc@Bskip=\skip64
LaTeX Info: Redefining \setlength on input line 80.
LaTeX Info: Redefining \addtolength on input line 81.
\calc@Ccount=\count320
\calc@Cskip=\skip65
)
\pgf@logicalpages=\count321
\pgf@firstshipout=\count322
\pgf@lastshipout=\count323
\pgf@currentshipout=\count324
\pgf@cpn=\count325
\pgf@shipoutnextto=\count326
\pgfphysicalheight=\dimen283
\pgfphysicalwidth=\dimen284
\pgfpages@shipoutbox=\box75
) (/Users/lclement/Library/TinyTeX/texmf-dist/tex/latex/lm/lmodern.sty
Package: lmodern 2009/10/30 v1.6 Latin Modern Fonts
LaTeX Font Info:    Overwriting symbol font `operators' in version `normal'
(Font)                  OT1/cmr/m/n --> OT1/lmr/m/n on input line 22.
LaTeX Font Info:    Overwriting symbol font `letters' in version `normal'
(Font)                  OML/cmm/m/it --> OML/lmm/m/it on input line 23.
LaTeX Font Info:    Overwriting symbol font `symbols' in version `normal'
(Font)                  OMS/cmsy/m/n --> OMS/lmsy/m/n on input line 24.
LaTeX Font Info:    Overwriting symbol font `largesymbols' in version `normal'
(Font)                  OMX/cmex/m/n --> OMX/lmex/m/n on input line 25.
LaTeX Font Info:    Overwriting symbol font `operators' in version `bold'
(Font)                  OT1/cmr/bx/n --> OT1/lmr/bx/n on input line 26.
LaTeX Font Info:    Overwriting symbol font `letters' in version `bold'
(Font)                  OML/cmm/b/it --> OML/lmm/b/it on input line 27.
LaTeX Font Info:    Overwriting symbol font `symbols' in version `bold'
(Font)                  OMS/cmsy/b/n --> OMS/lmsy/b/n on input line 28.
LaTeX Font Info:    Overwriting symbol font `largesymbols' in version `bold'
(Font)                  OMX/cmex/m/n --> OMX/lmex/m/n on input line 29.
LaTeX Font Info:    Overwriting math alphabet `\mathbf' in version `normal'
(Font)                  OT1/cmr/bx/n --> OT1/lmr/bx/n on input line 31.
LaTeX Font Info:    Overwriting math alphabet `\mathsf' in version `normal'
(Font)                  OT1/cmss/m/n --> OT1/lmss/m/n on input line 32.
LaTeX Font Info:    Overwriting math alphabet `\mathit' in version `normal'
(Font)                  OT1/cmr/m/it --> OT1/lmr/m/it on input line 33.
LaTeX Font Info:    Overwriting math alphabet `\mathtt' in version `normal'
(Font)                  OT1/cmtt/m/n --> OT1/lmtt/m/n on input line 34.
LaTeX Font Info:    Overwriting math alphabet `\mathbf' in version `bold'
(Font)                  OT1/cmr/bx/n --> OT1/lmr/bx/n on input line 35.
LaTeX Font Info:    Overwriting math alphabet `\mathsf' in version `bold'
(Font)                  OT1/cmss/bx/n --> OT1/lmss/bx/n on input line 36.
LaTeX Font Info:    Overwriting math alphabet `\mathit' in version `bold'
(Font)                  OT1/cmr/bx/it --> OT1/lmr/bx/it on input line 37.
LaTeX Font Info:    Overwriting math alphabet `\mathtt' in version `bold'
(Font)                  OT1/cmtt/m/n --> OT1/lmtt/m/n on input line 38.
) (/Users/lclement/Library/TinyTeX/texmf-dist/tex/generic/iftex/ifxetex.sty
Package: ifxetex 2019/10/25 v0.7 ifxetex legacy package. Use iftex instead.
) (/Users/lclement/Library/TinyTeX/texmf-dist/tex/generic/iftex/ifluatex.sty
Package: ifluatex 2019/10/25 v1.5 ifluatex legacy package. Use iftex instead.
) (/Users/lclement/Library/TinyTeX/texmf-dist/tex/latex/base/fontenc.sty
Package: fontenc 2020/08/10 v2.0s Standard LaTeX package
LaTeX Font Info:    Trying to load font information for T1+lmss on input line 1
12.
(/Users/lclement/Library/TinyTeX/texmf-dist/tex/latex/lm/t1lmss.fd
File: t1lmss.fd 2009/10/30 v1.6 Font defs for Latin Modern
)) (/Users/lclement/Library/TinyTeX/texmf-dist/tex/latex/base/inputenc.sty
Package: inputenc 2020/08/01 v1.3d Input encoding file
\inpenc@prehook=\toks44
\inpenc@posthook=\toks45
) (/Users/lclement/Library/TinyTeX/texmf-dist/tex/latex/base/textcomp.sty
Package: textcomp 2020/02/02 v2.0n Standard LaTeX package
) (/Users/lclement/Library/TinyTeX/texmf-dist/tex/latex/fancyvrb/fancyvrb.sty
Package: fancyvrb 2020/05/03 v3.6 verbatim text (tvz,hv)
\FV@CodeLineNo=\count327
\FV@InFile=\read3
\FV@TabBox=\box76
\c@FancyVerbLine=\count328
\FV@StepNumber=\count329
\FV@OutFile=\write5
) (/Users/lclement/Library/TinyTeX/texmf-dist/tex/latex/framed/framed.sty
Package: framed 2011/10/22 v 0.96: framed or shaded text with page breaks
\OuterFrameSep=\skip66
\fb@frw=\dimen285
\fb@frh=\dimen286
\FrameRule=\dimen287
\FrameSep=\dimen288
) (/Users/lclement/Library/TinyTeX/texmf-dist/tex/latex/graphics/rotating.sty
Package: rotating 2016/08/11 v2.16d rotated objects in LaTeX
(/Users/lclement/Library/TinyTeX/texmf-dist/tex/latex/base/ifthen.sty
Package: ifthen 2014/09/29 v1.1c Standard LaTeX ifthen package (DPC)
)
\c@r@tfl@t=\count330
\rotFPtop=\skip67
\rotFPbot=\skip68
\rot@float@box=\box77
\rot@mess@toks=\toks46
) (/Users/lclement/Dropbox/BeamerColor.sty

LaTeX Warning: You have requested package `/Users/lclement/Dropbox/BeamerColor'
,
               but the package provides `BeamerColor'.

Package: BeamerColor 08/01/2008
) (/Users/lclement/Library/TinyTeX/texmf-dist/tex/generic/babel/babel.sty
Package: babel 2020/10/06 3.50 The Babel package
(/Users/lclement/Library/TinyTeX/texmf-dist/tex/generic/babel/babel.def
File: babel.def 2020/10/06 3.50 Babel common definitions
\babel@savecnt=\count331
\U@D=\dimen289
\l@babelnohyphens=\language4
(/Users/lclement/Library/TinyTeX/texmf-dist/tex/generic/babel/txtbabel.def)
\bbl@readstream=\read4
)
LaTeX Info: Redefining \textlatin on input line 709.
\bbl@dirlevel=\count332
(/Users/lclement/Library/TinyTeX/texmf-dist/tex/generic/babel-dutch/dutch.ldf
Language: dutch 2005/03/30 v3.8i Dutch support from the babel system
Package babel Info: Making " an active character on input line 132.
))

Package hyperref Warning: Token not allowed in a PDF string (Unicode):
(hyperref)                removing `\new@ifnextchar' on input line 154.

Package hyperref Info: Option `colorlinks' set `true' on input line 205.

(/Users/lclement/Library/TinyTeX/texmf-dist/tex/latex/l3backend/l3backend-pdfte
x.def
File: l3backend-pdftex.def 2020-09-24 L3 backend support: PDF output (pdfTeX)
\l__kernel_color_stack_int=\count333
\l__pdf_internal_box=\box78
) (./parameterEstimationInferenceLinearModels.aux)
\openout1 = `parameterEstimationInferenceLinearModels.aux'.

LaTeX Font Info:    Checking defaults for OML/cmm/m/it on input line 218.
LaTeX Font Info:    ... okay on input line 218.
LaTeX Font Info:    Checking defaults for OMS/cmsy/m/n on input line 218.
LaTeX Font Info:    ... okay on input line 218.
LaTeX Font Info:    Checking defaults for OT1/cmr/m/n on input line 218.
LaTeX Font Info:    ... okay on input line 218.
LaTeX Font Info:    Checking defaults for T1/cmr/m/n on input line 218.
LaTeX Font Info:    ... okay on input line 218.
LaTeX Font Info:    Checking defaults for TS1/cmr/m/n on input line 218.
LaTeX Font Info:    ... okay on input line 218.
LaTeX Font Info:    Checking defaults for OMX/cmex/m/n on input line 218.
LaTeX Font Info:    ... okay on input line 218.
LaTeX Font Info:    Checking defaults for U/cmr/m/n on input line 218.
LaTeX Font Info:    ... okay on input line 218.
LaTeX Font Info:    Checking defaults for PD1/pdf/m/n on input line 218.
LaTeX Font Info:    ... okay on input line 218.
LaTeX Font Info:    Checking defaults for PU/pdf/m/n on input line 218.
LaTeX Font Info:    ... okay on input line 218.
*geometry* driver: auto-detecting
*geometry* detected driver: pdftex
*geometry* verbose mode - [ preamble ] result:
* driver: pdftex
* paper: custom
* layout: <same size as paper>
* layoutoffset:(h,v)=(0.0pt,0.0pt)
* modes: includehead includefoot 
* h-part:(L,W,R)=(28.45274pt, 307.28987pt, 28.45274pt)
* v-part:(T,H,B)=(0.0pt, 273.14662pt, 0.0pt)
* \paperwidth=364.19536pt
* \paperheight=273.14662pt
* \textwidth=307.28987pt
* \textheight=244.6939pt
* \oddsidemargin=-43.81725pt
* \evensidemargin=-43.81725pt
* \topmargin=-72.26999pt
* \headheight=14.22636pt
* \headsep=0.0pt
* \topskip=10.0pt
* \footskip=14.22636pt
* \marginparwidth=3.0pt
* \marginparsep=11.0pt
* \columnsep=10.0pt
* \skip\footins=9.0pt plus 4.0pt minus 2.0pt
* \hoffset=0.0pt
* \voffset=0.0pt
* \mag=1000
* \@twocolumnfalse
* \@twosidefalse
* \@mparswitchfalse
* \@reversemarginfalse
* (1in=72.27pt=25.4mm, 1cm=28.453pt)


(/Users/lclement/Library/TinyTeX/texmf-dist/tex/latex/epstopdf-pkg/epstopdf-bas
e.sty
Package: epstopdf-base 2020-01-24 v2.11 Base part for package epstopdf
(/Users/lclement/Library/TinyTeX/texmf-dist/tex/latex/grfext/grfext.sty
Package: grfext 2019/12/03 v1.3 Manage graphics extensions (HO)
)
Package epstopdf-base Info: Redefining graphics rule for `.eps' on input line 4
85.
Package grfext Info: Graphics extension search list:
(grfext)             [.pdf,.png,.jpg,.mps,.jpeg,.jbig2,.jb2,.PDF,.PNG,.JPG,.JPE
G,.JBIG2,.JB2,.eps]
(grfext)             \AppendGraphicsExtensions on input line 504.

(/Users/lclement/Library/TinyTeX/texmf-dist/tex/latex/latexconfig/epstopdf-sys.
cfg
File: epstopdf-sys.cfg 2010/07/13 v1.3 Configuration of (r)epstopdf for TeX Liv
e
))
Package hyperref Info: Link coloring ON on input line 218.
(/Users/lclement/Library/TinyTeX/texmf-dist/tex/latex/hyperref/nameref.sty
Package: nameref 2019/09/16 v2.46 Cross-referencing by name of section
(/Users/lclement/Library/TinyTeX/texmf-dist/tex/latex/refcount/refcount.sty
Package: refcount 2019/12/15 v3.6 Data extraction from label references (HO)
)
(/Users/lclement/Library/TinyTeX/texmf-dist/tex/generic/gettitlestring/gettitle
string.sty
Package: gettitlestring 2019/12/15 v1.6 Cleanup title references (HO)
)
\c@section@level=\count334
)
LaTeX Info: Redefining \ref on input line 218.
LaTeX Info: Redefining \pageref on input line 218.
LaTeX Info: Redefining \nameref on input line 218.
(./parameterEstimationInferenceLinearModels.out) (./parameterEstimationInferenc
eLinearModels.out)
\@outlinefile=\write6
\openout6 = `parameterEstimationInferenceLinearModels.out'.

LaTeX Font Info:    Overwriting symbol font `operators' in version `normal'
(Font)                  OT1/lmr/m/n --> OT1/cmss/m/n on input line 218.
LaTeX Font Info:    Overwriting symbol font `operators' in version `bold'
(Font)                  OT1/lmr/bx/n --> OT1/cmss/b/n on input line 218.
LaTeX Font Info:    Overwriting symbol font `operators' in version `normal'
(Font)                  OT1/cmss/m/n --> OT1/lmss/m/n on input line 218.
LaTeX Font Info:    Overwriting symbol font `operators' in version `bold'
(Font)                  OT1/cmss/b/n --> OT1/lmss/b/n on input line 218.
\symnumbers=\mathgroup6
\sympureletters=\mathgroup7
LaTeX Font Info:    Overwriting math alphabet `\mathrm' in version `normal'
(Font)                  OT1/lmss/m/n --> T1/lmr/m/n on input line 218.
LaTeX Font Info:    Redeclaring math alphabet \mathbf on input line 218.
LaTeX Font Info:    Overwriting math alphabet `\mathbf' in version `normal'
(Font)                  OT1/lmr/bx/n --> T1/lmss/b/n on input line 218.
LaTeX Font Info:    Overwriting math alphabet `\mathbf' in version `bold'
(Font)                  OT1/lmr/bx/n --> T1/lmss/b/n on input line 218.
LaTeX Font Info:    Redeclaring math alphabet \mathsf on input line 218.
LaTeX Font Info:    Overwriting math alphabet `\mathsf' in version `normal'
(Font)                  OT1/lmss/m/n --> T1/lmss/m/n on input line 218.
LaTeX Font Info:    Overwriting math alphabet `\mathsf' in version `bold'
(Font)                  OT1/lmss/bx/n --> T1/lmss/m/n on input line 218.
LaTeX Font Info:    Redeclaring math alphabet \mathit on input line 218.
LaTeX Font Info:    Overwriting math alphabet `\mathit' in version `normal'
(Font)                  OT1/lmr/m/it --> T1/lmss/m/it on input line 218.
LaTeX Font Info:    Overwriting math alphabet `\mathit' in version `bold'
(Font)                  OT1/lmr/bx/it --> T1/lmss/m/it on input line 218.
LaTeX Font Info:    Redeclaring math alphabet \mathtt on input line 218.
LaTeX Font Info:    Overwriting math alphabet `\mathtt' in version `normal'
(Font)                  OT1/lmtt/m/n --> T1/lmtt/m/n on input line 218.
LaTeX Font Info:    Overwriting math alphabet `\mathtt' in version `bold'
(Font)                  OT1/lmtt/m/n --> T1/lmtt/m/n on input line 218.
LaTeX Font Info:    Overwriting symbol font `numbers' in version `bold'
(Font)                  T1/lmss/m/n --> T1/lmss/b/n on input line 218.
LaTeX Font Info:    Overwriting symbol font `pureletters' in version `bold'
(Font)                  T1/lmss/m/it --> T1/lmss/b/it on input line 218.
LaTeX Font Info:    Overwriting math alphabet `\mathrm' in version `bold'
(Font)                  OT1/lmss/b/n --> T1/lmr/b/n on input line 218.
LaTeX Font Info:    Overwriting math alphabet `\mathbf' in version `bold'
(Font)                  T1/lmss/b/n --> T1/lmss/b/n on input line 218.
LaTeX Font Info:    Overwriting math alphabet `\mathsf' in version `bold'
(Font)                  T1/lmss/m/n --> T1/lmss/b/n on input line 218.
LaTeX Font Info:    Overwriting math alphabet `\mathit' in version `bold'
(Font)                  T1/lmss/m/it --> T1/lmss/b/it on input line 218.
LaTeX Font Info:    Overwriting math alphabet `\mathtt' in version `bold'
(Font)                  T1/lmtt/m/n --> T1/lmtt/b/n on input line 218.

(/Users/lclement/Library/TinyTeX/texmf-dist/tex/latex/translator/translator-bas
ic-dictionary-English.dict
Dictionary: translator-basic-dictionary, Language: English 
)
(/Users/lclement/Library/TinyTeX/texmf-dist/tex/latex/translator/translator-bib
liography-dictionary-English.dict
Dictionary: translator-bibliography-dictionary, Language: English 
)
(/Users/lclement/Library/TinyTeX/texmf-dist/tex/latex/translator/translator-env
ironment-dictionary-English.dict
Dictionary: translator-environment-dictionary, Language: English 
)
(/Users/lclement/Library/TinyTeX/texmf-dist/tex/latex/translator/translator-mon
ths-dictionary-English.dict
Dictionary: translator-months-dictionary, Language: English 
)
(/Users/lclement/Library/TinyTeX/texmf-dist/tex/latex/translator/translator-num
bers-dictionary-English.dict
Dictionary: translator-numbers-dictionary, Language: English 
)
(/Users/lclement/Library/TinyTeX/texmf-dist/tex/latex/translator/translator-the
orem-dictionary-English.dict
Dictionary: translator-theorem-dictionary, Language: English 
) (./parameterEstimationInferenceLinearModels.nav)
<~/Dropbox/figs/ugentlogo.png, id=13, 64.74188pt x 50.19754pt>
File: ~/Dropbox/figs/ugentlogo.png Graphic file (type png)
<use ~/Dropbox/figs/ugentlogo.png>
Package pdftex.def Info: ~/Dropbox/figs/ugentlogo.png  used on input line 219.
(pdftex.def)             Requested size: 56.90782pt x 44.1234pt.
LaTeX Font Info:    Trying to load font information for OT1+lmss on input line 
219.
(/Users/lclement/Library/TinyTeX/texmf-dist/tex/latex/lm/ot1lmss.fd
File: ot1lmss.fd 2009/10/30 v1.6 Font defs for Latin Modern
)
LaTeX Font Info:    Trying to load font information for OML+lmm on input line 2
19.
(/Users/lclement/Library/TinyTeX/texmf-dist/tex/latex/lm/omllmm.fd
File: omllmm.fd 2009/10/30 v1.6 Font defs for Latin Modern
)
LaTeX Font Info:    Trying to load font information for OMS+lmsy on input line 
219.
(/Users/lclement/Library/TinyTeX/texmf-dist/tex/latex/lm/omslmsy.fd
File: omslmsy.fd 2009/10/30 v1.6 Font defs for Latin Modern
)
LaTeX Font Info:    Trying to load font information for OMX+lmex on input line 
219.
(/Users/lclement/Library/TinyTeX/texmf-dist/tex/latex/lm/omxlmex.fd
File: omxlmex.fd 2009/10/30 v1.6 Font defs for Latin Modern
)
LaTeX Font Info:    External font `lmex10' loaded for size
(Font)              <10> on input line 219.
LaTeX Font Info:    External font `lmex10' loaded for size
(Font)              <7> on input line 219.
LaTeX Font Info:    External font `lmex10' loaded for size
(Font)              <5> on input line 219.
LaTeX Font Info:    Trying to load font information for U+msa on input line 219
.
(/Users/lclement/Library/TinyTeX/texmf-dist/tex/latex/amsfonts/umsa.fd
File: umsa.fd 2013/01/14 v3.01 AMS symbols A
)
LaTeX Font Info:    Trying to load font information for U+msb on input line 219
.
(/Users/lclement/Library/TinyTeX/texmf-dist/tex/latex/amsfonts/umsb.fd
File: umsb.fd 2013/01/14 v3.01 AMS symbols B
)
LaTeX Font Info:    Font shape `T1/lmss/m/it' in size <10> not available
(Font)              Font shape `T1/lmss/m/sl' tried instead on input line 219.
LaTeX Font Info:    Font shape `T1/lmss/m/it' in size <7> not available
(Font)              Font shape `T1/lmss/m/sl' tried instead on input line 219.
LaTeX Font Info:    Font shape `T1/lmss/m/it' in size <5> not available
(Font)              Font shape `T1/lmss/m/sl' tried instead on input line 219.
<~/Dropbox/figs/bigN2N.png, id=15, 1445.4pt x 754.31813pt>
File: ~/Dropbox/figs/bigN2N.png Graphic file (type png)
<use ~/Dropbox/figs/bigN2N.png>
Package pdftex.def Info: ~/Dropbox/figs/bigN2N.png  used on input line 219.
(pdftex.def)             Requested size: 56.90189pt x 29.69568pt.
[1

{/Users/lclement/Library/TinyTeX/texmf-var/fonts/map/pdftex/updmap/pdftex.map} 
</Users/lclement/Dropbox/figs/ugentlogo.png> </Users/lclement/Dropbox/figs/bigN
2N.png>]
LaTeX Font Info:    Font shape `OT1/lmss/b/n' in size <10> not available
(Font)              Font shape `OT1/lmss/bx/n' tried instead on input line 233.

LaTeX Font Info:    Font shape `OT1/lmss/b/n' in size <7> not available
(Font)              Font shape `OT1/lmss/bx/n' tried instead on input line 233.

LaTeX Font Info:    Font shape `OT1/lmss/b/n' in size <5> not available
(Font)              Font shape `OT1/lmss/bx/n' tried instead on input line 233.

LaTeX Font Info:    Font shape `T1/lmss/b/n' in size <10> not available
(Font)              Font shape `T1/lmss/bx/n' tried instead on input line 233.
LaTeX Font Info:    Font shape `T1/lmss/b/n' in size <7> not available
(Font)              Font shape `T1/lmss/bx/n' tried instead on input line 233.
LaTeX Font Info:    Font shape `T1/lmss/b/n' in size <5> not available
(Font)              Font shape `T1/lmss/bx/n' tried instead on input line 233.
LaTeX Font Info:    Font shape `T1/lmss/b/it' in size <10> not available
(Font)              Font shape `T1/lmss/bx/it' tried instead on input line 233.

LaTeX Font Info:    Font shape `T1/lmss/bx/it' in size <10> not available
(Font)              Font shape `T1/lmss/bx/sl' tried instead on input line 233.

LaTeX Font Info:    Font shape `T1/lmss/b/it' in size <7> not available
(Font)              Font shape `T1/lmss/bx/it' tried instead on input line 233.

LaTeX Font Info:    Font shape `T1/lmss/bx/it' in size <7> not available
(Font)              Font shape `T1/lmss/bx/sl' tried instead on input line 233.

LaTeX Font Info:    Font shape `T1/lmss/b/it' in size <5> not available
(Font)              Font shape `T1/lmss/bx/it' tried instead on input line 233.

LaTeX Font Info:    Font shape `T1/lmss/bx/it' in size <5> not available
(Font)              Font shape `T1/lmss/bx/sl' tried instead on input line 233.

[2

] [3

] [4

] [5

]
\openout4 = `parameterEstimationInferenceLinearModels.vrb'.

(./parameterEstimationInferenceLinearModels.vrb
LaTeX Font Info:    Trying to load font information for T1+lmtt on input line 2
.
(/Users/lclement/Library/TinyTeX/texmf-dist/tex/latex/lm/t1lmtt.fd
File: t1lmtt.fd 2009/10/30 v1.6 Font defs for Latin Modern
)
LaTeX Font Info:    Font shape `T1/lmtt/bx/n' in size <10> not available
(Font)              Font shape `T1/lmtt/b/n' tried instead on input line 3.

Overfull \hbox (54.95908pt too wide) in paragraph at lines 16--16
[]\T1/lmtt/m/n/10 ##     (Intercept) locationLV locationRA locationRV patient4 
patient8[] 
 []


Overfull \hbox (54.95908pt too wide) in paragraph at lines 16--16
[]\T1/lmtt/m/n/10 ## LA3           1          0          0          0        0 
       0[] 
 []


Overfull \hbox (54.95908pt too wide) in paragraph at lines 16--16
[]\T1/lmtt/m/n/10 ## LA4           1          0          0          0        1 
       0[] 
 []


Overfull \hbox (54.95908pt too wide) in paragraph at lines 16--16
[]\T1/lmtt/m/n/10 ## LA8           1          0          0          0        0 
       1[] 
 []


Overfull \hbox (54.95908pt too wide) in paragraph at lines 16--16
[]\T1/lmtt/m/n/10 ## LV3           1          1          0          0        0 
       0[] 
 []

) [6

]
\openout4 = `parameterEstimationInferenceLinearModels.vrb'.

(./parameterEstimationInferenceLinearModels.vrb
Overfull \hbox (54.95908pt too wide) in paragraph at lines 16--16
[]\T1/lmtt/m/n/10 ##     (Intercept) locationLV locationRA locationRV patient4 
patient8[] 
 []


Overfull \hbox (54.95908pt too wide) in paragraph at lines 16--16
[]\T1/lmtt/m/n/10 ## LA3           1          0          0          0        0 
       0[] 
 []


Overfull \hbox (54.95908pt too wide) in paragraph at lines 16--16
[]\T1/lmtt/m/n/10 ## LA4           1          0          0          0        1 
       0[] 
 []


Overfull \hbox (54.95908pt too wide) in paragraph at lines 16--16
[]\T1/lmtt/m/n/10 ## LA8           1          0          0          0        0 
       1[] 
 []


Overfull \hbox (54.95908pt too wide) in paragraph at lines 16--16
[]\T1/lmtt/m/n/10 ## LV3           1          1          0          0        0 
       0[] 
 []

) [7

]
\openout4 = `parameterEstimationInferenceLinearModels.vrb'.

(./parameterEstimationInferenceLinearModels.vrb
Overfull \hbox (81.209pt too wide) in paragraph at lines 10--10
[]\T1/lmtt/m/n/10 ## (Intercept)  locationLV  locationRA  locationRV    patient
4    patient8[] 
 []


Overfull \hbox (81.209pt too wide) in paragraph at lines 10--10
[]\T1/lmtt/m/n/10 ## 27.50063357 -3.40997017  0.36748910  1.44473120  0.0857314
7 -0.31303299[] 
 []

) [8

]

LaTeX Font Warning: Command \boldmath invalid in math mode on input line 364.


LaTeX Font Warning: Command \mathversion invalid in math mode on input line 364
.


LaTeX Font Warning: Command \boldmath invalid in math mode on input line 364.


LaTeX Font Warning: Command \mathversion invalid in math mode on input line 364
.

[9

] [10

] [11

] [12

]
\openout4 = `parameterEstimationInferenceLinearModels.vrb'.

(./parameterEstimationInferenceLinearModels.vrb
Overfull \hbox (39.20912pt too wide) in paragraph at lines 30--30
[]\T1/lmtt/m/n/10 ## lm(formula = exprs ~ location + patient, data = data, x = 
TRUE)[] 
 []


Overfull \hbox (33.95914pt too wide) in paragraph at lines 30--30
[]\T1/lmtt/m/n/10 ## Signif. codes:  0 '***' 0.001 '**' 0.01 '*' 0.05 '.' 0.1 '
 ' 1[] 
 []


Overfull \hbox (2.45923pt too wide) in paragraph at lines 30--30
[]\T1/lmtt/m/n/10 ## Multiple R-squared:  0.9161, Adjusted R-squared:  0.8462[]
 
 []

)
Overfull \vbox (37.18561pt too high) detected at line 449
 []

[13

]
\openout4 = `parameterEstimationInferenceLinearModels.vrb'.

(./parameterEstimationInferenceLinearModels.vrb) [14

]
\openout4 = `parameterEstimationInferenceLinearModels.vrb'.

(./parameterEstimationInferenceLinearModels.vrb
Overfull \hbox (65.45905pt too wide) in paragraph at lines 20--20
[]\T1/lmtt/m/n/10 ## Fit: lm(formula = exprs ~ location + patient, data = data,
 x = TRUE)[] 
 []


Overfull \hbox (33.95914pt too wide) in paragraph at lines 20--20
[]\T1/lmtt/m/n/10 ## Signif. codes:  0 '***' 0.001 '**' 0.01 '*' 0.05 '.' 0.1 '
 ' 1[] 
 []

) [15

]
LaTeX Font Info:    External font `lmex10' loaded for size
(Font)              <9> on input line 527.
LaTeX Font Info:    External font `lmex10' loaded for size
(Font)              <6> on input line 527.
LaTeX Font Info:    Font shape `T1/lmss/m/it' in size <9> not available
(Font)              Font shape `T1/lmss/m/sl' tried instead on input line 527.
LaTeX Font Info:    Font shape `T1/lmss/m/it' in size <6> not available
(Font)              Font shape `T1/lmss/m/sl' tried instead on input line 527.
[16

] [17

] [18

]
<~/Dropbox/figs/TableRobust.png, id=144, 846.16125pt x 393.47pt>
File: ~/Dropbox/figs/TableRobust.png Graphic file (type png)
<use ~/Dropbox/figs/TableRobust.png>
Package pdftex.def Info: ~/Dropbox/figs/TableRobust.png  used on input line 568
.
(pdftex.def)             Requested size: 305.93478pt x 142.26147pt.
[19

 </Users/lclement/Dropbox/figs/TableRobust.png>]
LaTeX Font Info:    External font `lmex10' loaded for size
(Font)              <12> on input line 579.
LaTeX Font Info:    External font `lmex10' loaded for size
(Font)              <8> on input line 579.
LaTeX Font Info:    Font shape `T1/lmss/m/it' in size <12> not available
(Font)              Font shape `T1/lmss/m/sl' tried instead on input line 579.
LaTeX Font Info:    Font shape `T1/lmss/m/it' in size <8> not available
(Font)              Font shape `T1/lmss/m/sl' tried instead on input line 579.
<~/Dropbox/figs/RhoRobust.png, id=152, 686.565pt x 513.92pt>
File: ~/Dropbox/figs/RhoRobust.png Graphic file (type png)
<use ~/Dropbox/figs/RhoRobust.png>
Package pdftex.def Info: ~/Dropbox/figs/RhoRobust.png  used on input line 579.
(pdftex.def)             Requested size: 228.06523pt x 170.71548pt.
[20

 </Users/lclement/Dropbox/figs/RhoRobust.png>]
<~/Dropbox/figs/robustRegressionPsi.pdf, id=160, 345.19182pt x 297.34991pt>
File: ~/Dropbox/figs/robustRegressionPsi.pdf Graphic file (type pdf)
<use ~/Dropbox/figs/robustRegressionPsi.pdf>
Package pdftex.def Info: ~/Dropbox/figs/robustRegressionPsi.pdf  used on input 
line 588.
(pdftex.def)             Requested size: 215.10176pt x 185.28969pt.
[21

 </Users/lclement/Dropbox/figs/robustRegressionPsi.pdf>]
<~/Dropbox/figs/robustRegressionWeights.pdf, id=210, 343.09659pt x 296.08241pt>

File: ~/Dropbox/figs/robustRegressionWeights.pdf Graphic file (type pdf)
<use ~/Dropbox/figs/robustRegressionWeights.pdf>
Package pdftex.def Info: ~/Dropbox/figs/robustRegressionWeights.pdf  used on in
put line 597.
(pdftex.def)             Requested size: 215.09972pt x 185.6248pt.
[22

 </Users/lclement/Dropbox/figs/robustRegressionWeights.pdf>]
\openout4 = `parameterEstimationInferenceLinearModels.vrb'.

(./parameterEstimationInferenceLinearModels.vrb
LaTeX Font Info:    Font shape `T1/lmtt/bx/n' in size <5> not available
(Font)              Font shape `T1/lmtt/b/n' tried instead on input line 5.
<parameterEstimationInferenceLinearModels_files/figure-beamer/unnamed-chunk-8-1
.pdf, id=258, 693.59125pt x 501.875pt>
File: parameterEstimationInferenceLinearModels_files/figure-beamer/unnamed-chun
k-8-1.pdf Graphic file (type pdf)
<use parameterEstimationInferenceLinearModels_files/figure-beamer/unnamed-chunk
-8-1.pdf>
Package pdftex.def Info: parameterEstimationInferenceLinearModels_files/figure-
beamer/unnamed-chunk-8-1.pdf  used on input line 12.
(pdftex.def)             Requested size: 245.82974pt x 177.87968pt.
) [23

 <./parameterEstimationInferenceLinearModels_files/figure-beamer/unnamed-chunk-
8-1.pdf>]
\openout4 = `parameterEstimationInferenceLinearModels.vrb'.

(./parameterEstimationInferenceLinearModels.vrb
<parameterEstimationInferenceLinearModels_files/figure-beamer/unnamed-chunk-9-1
.pdf, id=272, 693.59125pt x 501.875pt>
File: parameterEstimationInferenceLinearModels_files/figure-beamer/unnamed-chun
k-9-1.pdf Graphic file (type pdf)
<use parameterEstimationInferenceLinearModels_files/figure-beamer/unnamed-chunk
-9-1.pdf>
Package pdftex.def Info: parameterEstimationInferenceLinearModels_files/figure-
beamer/unnamed-chunk-9-1.pdf  used on input line 21.
(pdftex.def)             Requested size: 245.82974pt x 177.87968pt.
) [24

 <./parameterEstimationInferenceLinearModels_files/figure-beamer/unnamed-chunk-
9-1.pdf>]
\openout4 = `parameterEstimationInferenceLinearModels.vrb'.

(./parameterEstimationInferenceLinearModels.vrb
Overfull \hbox (39.20912pt too wide) in paragraph at lines 30--30
[]\T1/lmtt/m/n/10 ## lm(formula = exprs ~ location + patient, data = data, x = 
TRUE)[] 
 []


Overfull \hbox (33.95914pt too wide) in paragraph at lines 30--30
[]\T1/lmtt/m/n/10 ## Signif. codes:  0 '***' 0.001 '**' 0.01 '*' 0.05 '.' 0.1 '
 ' 1[] 
 []


Overfull \hbox (2.45923pt too wide) in paragraph at lines 30--30
[]\T1/lmtt/m/n/10 ## Multiple R-squared:  0.9161, Adjusted R-squared:  0.8462[]
 
 []

)
Overfull \vbox (37.18561pt too high) detected at line 669
 []

[25

]
\openout4 = `parameterEstimationInferenceLinearModels.vrb'.

(./parameterEstimationInferenceLinearModels.vrb
Overfull \hbox (91.70897pt too wide) in paragraph at lines 24--24
[]\T1/lmtt/m/n/10 ## Call: rlm(formula = exprs ~ location + patient, data = dat
a, maxit = 500)[] 
 []

) [26

] [27

] [28

] [29

] [30

] [31

] [32

] [33

]
<ridgePen.png, id=343, 236.885pt x 289.08pt>
File: ridgePen.png Graphic file (type png)
<use ridgePen.png>
Package pdftex.def Info: ridgePen.png  used on input line 816.
(pdftex.def)             Requested size: 92.18597pt x 112.49814pt.
[34

 <./ridgePen.png>]pdfTeX warning (ext4): destination with the same identifier (
name{ridge-penalty}) has been already used, duplicate ignored
<to be read again> 
                   \relax 
l.816 \end{frame}
                 
File: ridgePen.png Graphic file (type png)
<use ridgePen.png>
Package pdftex.def Info: ridgePen.png  used on input line 816.
(pdftex.def)             Requested size: 92.18597pt x 112.49814pt.
[35

] [36

] [37

]
\openout4 = `parameterEstimationInferenceLinearModels.vrb'.

(./parameterEstimationInferenceLinearModels.vrb) [38

]
<parameterEstimationInferenceLinearModels_files/figure-beamer/unnamed-chunk-13-
1.pdf, id=373, 693.59125pt x 458.71375pt>
File: parameterEstimationInferenceLinearModels_files/figure-beamer/unnamed-chun
k-13-1.pdf Graphic file (type pdf)
<use parameterEstimationInferenceLinearModels_files/figure-beamer/unnamed-chunk
-13-1.pdf>
Package pdftex.def Info: parameterEstimationInferenceLinearModels_files/figure-
beamer/unnamed-chunk-13-1.pdf  used on input line 858.
(pdftex.def)             Requested size: 307.29776pt x 203.23454pt.
[39

 <./parameterEstimationInferenceLinearModels_files/figure-beamer/unnamed-chunk-
13-1.pdf>] [40

] [41

]pdfTeX warning (ext4): destination with the same identifier (name{best-linear-
unbiased-predictor-blup}) has been already used, duplicate ignored
<to be read again> 
                   \relax 
l.894 \end{frame}
                  [42

]
\openout4 = `parameterEstimationInferenceLinearModels.vrb'.

(./parameterEstimationInferenceLinearModels.vrb)
Overfull \vbox (95.40907pt too high) detected at line 938
 []

[43

]
\openout4 = `parameterEstimationInferenceLinearModels.vrb'.

(./parameterEstimationInferenceLinearModels.vrb) [44

]
\openout4 = `parameterEstimationInferenceLinearModels.vrb'.

(./parameterEstimationInferenceLinearModels.vrb) [45

]
\openout4 = `parameterEstimationInferenceLinearModels.vrb'.

(./parameterEstimationInferenceLinearModels.vrb
<parameterEstimationInferenceLinearModels_files/figure-beamer/unnamed-chunk-17-
1.pdf, id=420, 693.59125pt x 429.605pt>
File: parameterEstimationInferenceLinearModels_files/figure-beamer/unnamed-chun
k-17-1.pdf Graphic file (type pdf)
<use parameterEstimationInferenceLinearModels_files/figure-beamer/unnamed-chunk
-17-1.pdf>
Package pdftex.def Info: parameterEstimationInferenceLinearModels_files/figure-
beamer/unnamed-chunk-17-1.pdf  used on input line 8.
(pdftex.def)             Requested size: 307.29776pt x 190.33783pt.
) [46

 <./parameterEstimationInferenceLinearModels_files/figure-beamer/unnamed-chunk-
17-1.pdf>]
\tf@nav=\write7
\openout7 = `parameterEstimationInferenceLinearModels.nav'.

\tf@toc=\write8
\openout8 = `parameterEstimationInferenceLinearModels.toc'.

\tf@snm=\write9
\openout9 = `parameterEstimationInferenceLinearModels.snm'.

(./parameterEstimationInferenceLinearModels.aux)
Package rerunfilecheck Info: File `parameterEstimationInferenceLinearModels.out
' has not changed.
(rerunfilecheck)             Checksum: D41D8CD98F00B204E9800998ECF8427E;0.
 ) 
Here is how much of TeX's memory you used:
 23238 strings out of 481810
 425783 string characters out of 5928792
 733056 words of memory out of 5000000
 38881 multiletter control sequences out of 15000+600000
 634891 words of font info for 101 fonts, out of 8000000 for 9000
 54 hyphenation exceptions out of 8191
 107i,16n,111p,581b,911s stack positions out of 5000i,500n,10000p,200000b,80000s
{/Users/lclement/Library/TinyTeX/texmf-dist/fonts/enc/dvips/lm/lm-ec.enc}{/Us
ers/lclement/Library/TinyTeX/texmf-dist/fonts/enc/dvips/lm/lm-rm.enc}{/Users/lc
lement/Library/TinyTeX/texmf-dist/fonts/enc/dvips/lm/lm-mathit.enc}{/Users/lcle
ment/Library/TinyTeX/texmf-dist/fonts/enc/dvips/lm/lm-mathsy.enc}{/Users/lcleme
nt/Library/TinyTeX/texmf-dist/fonts/enc/dvips/lm/lm-mathex.enc}</Users/lclement
/Library/TinyTeX/texmf-dist/fonts/type1/public/lm/lmex10.pfb></Users/lclement/L
ibrary/TinyTeX/texmf-dist/fonts/type1/public/lm/lmmi10.pfb></Users/lclement/Lib
rary/TinyTeX/texmf-dist/fonts/type1/public/lm/lmmi12.pfb></Users/lclement/Libra
ry/TinyTeX/texmf-dist/fonts/type1/public/lm/lmmi7.pfb></Users/lclement/Library/
TinyTeX/texmf-dist/fonts/type1/public/lm/lmmi9.pfb></Users/lclement/Library/Tin
yTeX/texmf-dist/fonts/type1/public/lm/lmmib10.pfb></Users/lclement/Library/Tiny
TeX/texmf-dist/fonts/type1/public/lm/lmmib7.pfb></Users/lclement/Library/TinyTe
X/texmf-dist/fonts/type1/public/lm/lmss10.pfb></Users/lclement/Library/TinyTeX/
texmf-dist/fonts/type1/public/lm/lmss12.pfb></Users/lclement/Library/TinyTeX/te
xmf-dist/fonts/type1/public/lm/lmss8.pfb></Users/lclement/Library/TinyTeX/texmf
-dist/fonts/type1/public/lm/lmss9.pfb></Users/lclement/Library/TinyTeX/texmf-di
st/fonts/type1/public/lm/lmssbx10.pfb></Users/lclement/Library/TinyTeX/texmf-di
st/fonts/type1/public/lm/lmsso10.pfb></Users/lclement/Library/TinyTeX/texmf-dis
t/fonts/type1/public/lm/lmsso12.pfb></Users/lclement/Library/TinyTeX/texmf-dist
/fonts/type1/public/lm/lmsso8.pfb></Users/lclement/Library/TinyTeX/texmf-dist/f
onts/type1/public/lm/lmsso9.pfb></Users/lclement/Library/TinyTeX/texmf-dist/fon
ts/type1/public/lm/lmsy10.pfb></Users/lclement/Library/TinyTeX/texmf-dist/fonts
/type1/public/lm/lmsy7.pfb></Users/lclement/Library/TinyTeX/texmf-dist/fonts/ty
pe1/public/lm/lmsy9.pfb></Users/lclement/Library/TinyTeX/texmf-dist/fonts/type1
/public/lm/lmtk10.pfb></Users/lclement/Library/TinyTeX/texmf-dist/fonts/type1/p
ublic/lm/lmtt10.pfb></Users/lclement/Library/TinyTeX/texmf-dist/fonts/type1/pub
lic/lm/lmtt8.pfb></Users/lclement/Library/TinyTeX/texmf-dist/fonts/type1/public
/amsfonts/symbols/msam10.pfb>
Output written on parameterEstimationInferenceLinearModels.pdf (46 pages, 64506
6 bytes).
PDF statistics:
 544 PDF objects out of 1000 (max. 8388607)
 416 compressed objects within 5 object streams
 114 named destinations out of 1000 (max. 500000)
 110 words of extra memory for PDF output out of 10000 (max. 10000000)

